<?xml version="1.0" encoding="UTF-8"?>
<testsuite xmlns:xsi="http://www.w3.org/2001/XMLSchema-instance" xsi:noNamespaceSchemaLocation="https://maven.apache.org/surefire/maven-surefire-plugin/xsd/surefire-test-report.xsd" name="com.rizalfadiaalfikri.test.CalculatorTest" time="0.384" tests="4" errors="0" skipped="1" failures="0">
  <properties>
[...]
</properties>
  <testcase name="testDivideFailed" classname="com.rizalfadiaalfikri.test.CalculatorTest" time="0.22"/>
  <testcase name="testAddSuccess" classname="com.rizalfadiaalfikri.test.CalculatorTest" time="0"/>
  <testcase name="testComingSoon" classname="com.rizalfadiaalfikri.test.CalculatorTest" time="0">
    <skipped message="public void com.rizalfadiaalfikri.test.CalculatorTest.testComingSoon() is @Disabled"/>
  </testcase>
  <testcase name="testDivideSuccess" classname="com.rizalfadiaalfikri.test.CalculatorTest" time="0"/>
</testsuite>